Determining if the pthread_create exist failed with the following output:
Change Dir: /mnt/d/Udacity/Udacity_Sensor_Fusion_Engineer_Nanodegree/SFND_Unscented_Kalman_Filter-master/build/CMakeFiles/CMakeTmp

Run Build Command:"/usr/bin/make" "cmTC_004ac/fast"
/usr/bin/make -f CMakeFiles/cmTC_004ac.dir/build.make CMakeFiles/cmTC_004ac.dir/build
make[1]: Entering directory '/mnt/d/Udacity/Udacity_Sensor_Fusion_Engineer_Nanodegree/SFND_Unscented_Kalman_Filter-master/build/CMakeFiles/CMakeTmp'
Building C object CMakeFiles/cmTC_004ac.dir/CheckSymbolExists.c.o
/usr/bin/cc    -o CMakeFiles/cmTC_004ac.dir/CheckSymbolExists.c.o   -c /mnt/d/Udacity/Udacity_Sensor_Fusion_Engineer_Nanodegree/SFND_Unscented_Kalman_Filter-master/build/CMakeFiles/CMakeTmp/CheckSymbolExists.c
Linking C executable cmTC_004ac
/usr/bin/cmake -E cmake_link_script CMakeFiles/cmTC_004ac.dir/link.txt --verbose=1
/usr/bin/cc      -rdynamic CMakeFiles/cmTC_004ac.dir/CheckSymbolExists.c.o  -o cmTC_004ac 
CMakeFiles/cmTC_004ac.dir/CheckSymbolExists.c.o: In function `main':
CheckSymbolExists.c:(.text+0x1b): undefined reference to `pthread_create'
collect2: error: ld returned 1 exit status
CMakeFiles/cmTC_004ac.dir/build.make:97: recipe for target 'cmTC_004ac' failed
make[1]: *** [cmTC_004ac] Error 1
make[1]: Leaving directory '/mnt/d/Udacity/Udacity_Sensor_Fusion_Engineer_Nanodegree/SFND_Unscented_Kalman_Filter-master/build/CMakeFiles/CMakeTmp'
Makefile:126: recipe for target 'cmTC_004ac/fast' failed
make: *** [cmTC_004ac/fast] Error 2

File /mnt/d/Udacity/Udacity_Sensor_Fusion_Engineer_Nanodegree/SFND_Unscented_Kalman_Filter-master/build/CMakeFiles/CMakeTmp/CheckSymbolExists.c:
/* */
#include <pthread.h>

int main(int argc, char** argv)
{
  (void)argv;
#ifndef pthread_create
  return ((int*)(&pthread_create))[argc];
#else
  (void)argc;
  return 0;
#endif
}

Determining if the function pthread_create exists in the pthreads failed with the following output:
Change Dir: /mnt/d/Udacity/Udacity_Sensor_Fusion_Engineer_Nanodegree/SFND_Unscented_Kalman_Filter-master/build/CMakeFiles/CMakeTmp

Run Build Command:"/usr/bin/make" "cmTC_338e8/fast"
/usr/bin/make -f CMakeFiles/cmTC_338e8.dir/build.make CMakeFiles/cmTC_338e8.dir/build
make[1]: Entering directory '/mnt/d/Udacity/Udacity_Sensor_Fusion_Engineer_Nanodegree/SFND_Unscented_Kalman_Filter-master/build/CMakeFiles/CMakeTmp'
Building C object CMakeFiles/cmTC_338e8.dir/CheckFunctionExists.c.o
/usr/bin/cc   -DCHECK_FUNCTION_EXISTS=pthread_create   -o CMakeFiles/cmTC_338e8.dir/CheckFunctionExists.c.o   -c /usr/share/cmake-3.10/Modules/CheckFunctionExists.c
Linking C executable cmTC_338e8
/usr/bin/cmake -E cmake_link_script CMakeFiles/cmTC_338e8.dir/link.txt --verbose=1
/usr/bin/cc  -DCHECK_FUNCTION_EXISTS=pthread_create    -rdynamic CMakeFiles/cmTC_338e8.dir/CheckFunctionExists.c.o  -o cmTC_338e8 -lpthreads 
/usr/bin/ld: cannot find -lpthreads
collect2: error: ld returned 1 exit status
CMakeFiles/cmTC_338e8.dir/build.make:97: recipe for target 'cmTC_338e8' failed
make[1]: *** [cmTC_338e8] Error 1
make[1]: Leaving directory '/mnt/d/Udacity/Udacity_Sensor_Fusion_Engineer_Nanodegree/SFND_Unscented_Kalman_Filter-master/build/CMakeFiles/CMakeTmp'
Makefile:126: recipe for target 'cmTC_338e8/fast' failed
make: *** [cmTC_338e8/fast] Error 2


